TTest
v7
r0
t311178219.022235
cCheck dependencies
cProcessInfoPlistFile /Users/rodrigo/curso-obj-c/Banco/build/Debug/Test.octest/Contents/Info.plist Test-Info.plist
cProcessPCH /var/folders/KR/KRNnJQv7ECebf8OdWDLZsE+++TI/-Caches-/com.apple.Xcode.501/SharedPrecompiledHeaders/Cocoa-eorrsdhcwhghbvahnwvosxpeibmi/Cocoa.h.gch /Developer/SDKs/MacOSX10.6.sdk/System/Library/Frameworks/Cocoa.framework/Headers/Cocoa.h normal x86_64 objective-c com.apple.compilers.gcc.4_2
cCompileC build/Banco.build/Debug/Test.build/Objects-normal/x86_64/ContaTest.o /Users/rodrigo/curso-obj-c/Banco/ContaTest.m normal x86_64 objective-c com.apple.compilers.gcc.4_2
cCompileC build/Banco.build/Debug/Test.build/Objects-normal/x86_64/Conta.o /Users/rodrigo/curso-obj-c/Banco/Conta.m normal x86_64 objective-c com.apple.compilers.gcc.4_2
cLd /Users/rodrigo/curso-obj-c/Banco/build/Debug/Test.octest/Contents/MacOS/Test normal x86_64
cPhaseScriptExecution "Run Script" /Users/rodrigo/curso-obj-c/Banco/build/Banco.build/Debug/Test.build/Script-5BA5D11C128C1F69002D2CDE.sh
cTouch /Users/rodrigo/curso-obj-c/Banco/build/Debug/Test.octest

N/Developer/Library/Frameworks/SenTestingKit.framework/Headers/NSException_SenTestFailure.h
c000000004C46C3E50000000000000E25
t1279706085
s3621
i<Foundation/Foundation.h>
i<SenTestingKit/SenTestDefines.h>

N/Developer/Library/Frameworks/SenTestingKit.framework/Headers/SenInterfaceTestCase.h
c000000004C46C3E50000000000000701
t1279706085
s1793
i<Foundation/Foundation.h>
i<SenTestingKit/SenTestCase.h>

N/Developer/Library/Frameworks/SenTestingKit.framework/Headers/SenTest.h
c000000004C46C3E5000000000000084C
t1279706085
s2124
i<Foundation/Foundation.h>

N/Developer/Library/Frameworks/SenTestingKit.framework/Headers/SenTestCase.h
c000000004C46C3E5000000000000167B
t1279706085
s5755
i<Foundation/NSObject.h>
i<SenTestingKit/SenTest.h>
i<SenTestingKit/SenTestCase_Macros.h>
i<SenTestingKit/NSException_SenTestFailure.h>

N/Developer/Library/Frameworks/SenTestingKit.framework/Headers/SenTestCaseRun.h
c000000004C46C3E50000000000000860
t1279706085
s2144
i<SenTestingKit/SenTestRun.h>
i<SenTestingKit/SenTestDefines.h>

N/Developer/Library/Frameworks/SenTestingKit.framework/Headers/SenTestCase_Macros.h
c000000004C46C3E50000000000007F41
t1279706085
s32577
i<SenTestingKit/SenTestingUtilities.h>

N/Developer/Library/Frameworks/SenTestingKit.framework/Headers/SenTestDefines.h
c000000004C46C3E50000000000000947
t1279706085
s2375

N/Developer/Library/Frameworks/SenTestingKit.framework/Headers/SenTestDistributedNotifier.h
c000000004C46C3E500000000000006F0
t1279706085
s1776
i<Foundation/Foundation.h>
i<SenTestingKit/SenTestObserver.h>

N/Developer/Library/Frameworks/SenTestingKit.framework/Headers/SenTestLog.h
c000000004C46C3E500000000000006D0
t1279706085
s1744
i<Foundation/Foundation.h>
i<SenTestingKit/SenTestObserver.h>

N/Developer/Library/Frameworks/SenTestingKit.framework/Headers/SenTestObserver.h
c000000004C46C3E500000000000009CF
t1279706085
s2511
i<Foundation/Foundation.h>
i<SenTestingKit/SenTestDefines.h>

N/Developer/Library/Frameworks/SenTestingKit.framework/Headers/SenTestProbe.h
c000000004C46C3E50000000000000958
t1279706085
s2392
i<Foundation/Foundation.h>
i<SenTestingKit/SenTestDefines.h>

N/Developer/Library/Frameworks/SenTestingKit.framework/Headers/SenTestRun.h
c000000004C46C3E50000000000000A79
t1279706085
s2681
i<Foundation/NSObject.h>
i<SenTestingKit/SenTest.h>

N/Developer/Library/Frameworks/SenTestingKit.framework/Headers/SenTestSuite.h
c000000004C46C3E50000000000000CCF
t1279706085
s3279
i<SenTestingKit/SenTest.h>
i<SenTestingKit/SenTestCase.h>
i<Foundation/Foundation.h>

N/Developer/Library/Frameworks/SenTestingKit.framework/Headers/SenTestSuiteRun.h
c000000004C46C3E500000000000007D3
t1279706085
s2003
i<SenTestingKit/SenTestRun.h>
i<SenTestingKit/SenTestDefines.h>

N/Developer/Library/Frameworks/SenTestingKit.framework/Headers/SenTestingKit.h
c000000004C46C3E500000000000008A5
t1279706085
s2213
i<SenTestingKit/SenTestDefines.h>
i<SenTestingKit/SenTest.h>
i<SenTestingKit/SenTestCase.h>
i<SenTestingKit/SenTestSuite.h>
i<SenTestingKit/SenTestObserver.h>
i<SenTestingKit/NSException_SenTestFailure.h>
i<SenTestingKit/SenTestLog.h>
i<SenTestingKit/SenTestDistributedNotifier.h>
i<SenTestingKit/SenTestRun.h>
i<SenTestingKit/SenTestSuiteRun.h>
i<SenTestingKit/SenTestCaseRun.h>
i<SenTestingKit/SenInterfaceTestCase.h>
i<SenTestingKit/SenTestProbe.h>
i<SenTestingKit/SenTestingUtilities.h>

N/Developer/Library/Frameworks/SenTestingKit.framework/Headers/SenTestingUtilities.h
c000000004C46C3E50000000000000C37
t1279706085
s3127
i<Foundation/Foundation.h>

N/Developer/SDKs/MacOSX10.6.sdk
c000000004C5342BA00000000000000EE
t1280524986
s238

N/Developer/SDKs/MacOSX10.6.sdk/System/Library/Frameworks/Cocoa.framework/Headers/Cocoa.h
c0000000040C4AA6800000000000001E5
t1086630504
s485

N/Developer/SDKs/MacOSX10.6.sdk/System/Library/Frameworks/Foundation.framework/Headers/Foundation.h
c000000004C46BD4600000000000013E6
t1279704390
s5094

N/Developer/SDKs/MacOSX10.6.sdk/System/Library/Frameworks/Foundation.framework/Headers/NSObject.h
c000000004C46BD470000000000000EDE
t1279704391
s3806

N/Users/rodrigo/curso-obj-c/Banco/Conta.h
c000000004CDC04BB00000000000001F4
t1289487547
s500
i<Foundation/Foundation.h>

N/Users/rodrigo/curso-obj-c/Banco/Conta.m
c000000004CDC08DF000000000000030E
t1289488607
s782
i"Conta.h"

N/Users/rodrigo/curso-obj-c/Banco/ContaTest.h
c000000004CDBE20800000000000000E4
t1289478664
s228
i<SenTestingKit/SenTestingKit.h>

N/Users/rodrigo/curso-obj-c/Banco/ContaTest.m
c000000004CDBFC680000000000000456
t1289485416
s1110
i"ContaTest.h"
i"Conta.h"

N/Users/rodrigo/curso-obj-c/Banco/build/Banco.build/Debug/Test.build/Objects-normal/x86_64/Conta.o
t1289484337
s9616

N/Users/rodrigo/curso-obj-c/Banco/build/Banco.build/Debug/Test.build/Objects-normal/x86_64/ContaTest.o
t1289485418
s16576

N/Users/rodrigo/curso-obj-c/Banco/build/Banco.build/Debug/Test.build/Objects-normal/x86_64/Test.LinkFileList
c000000004CDBE81500000000000000C8
t1289480213
s200

N/Users/rodrigo/curso-obj-c/Banco/build/Banco.build/Debug/Test.build/Script-5BA5D0F4128C15C2002D2CDE.sh
c000000004CDBE7910000000000000062
t1289480081
s98

N/Users/rodrigo/curso-obj-c/Banco/build/Banco.build/Debug/Test.build/Script-5BA5D11C128C1F69002D2CDE.sh
c000000004CDBE8150000000000000062
t1289480213
s98

N/Users/rodrigo/curso-obj-c/Banco/build/Debug/Test.octest
t1289485419
s102

N/Users/rodrigo/curso-obj-c/Banco/build/Debug/Test.octest/Contents/Info.plist
t1289480081
s598

N/Users/rodrigo/curso-obj-c/Banco/build/Debug/Test.octest/Contents/MacOS/Test
t1289485418
s15592

N/var/folders/KR/KRNnJQv7ECebf8OdWDLZsE+++TI/-Caches-/com.apple.Xcode.501/SharedPrecompiledHeaders/Cocoa-eorrsdhcwhghbvahnwvosxpeibmi/Cocoa.h.gch
t1289480216
s54265584

NTest-Info.plist
c000000004CDBDE420000000000000281
t1289477698
s641

CCheck dependencies
r0
lSLF07#2@18"Check dependencies311178218#311178218#0(0"0(0#1#0"8622135936#0"0#

CCompileC build/Banco.build/Debug/Test.build/Objects-normal/x86_64/Conta.o /Users/rodrigo/curso-obj-c/Banco/Conta.m normal x86_64 objective-c com.apple.compilers.gcc.4_2
s311177137.456316
e311177137.639738
r1
xCompileC
xbuild/Banco.build/Debug/Test.build/Objects-normal/x86_64/Conta.o
x/Users/rodrigo/curso-obj-c/Banco/Conta.m
xnormal
xx86_64
xobjective-c
xcom.apple.compilers.gcc.4_2
lSLF07#2@48"Compile /Users/rodrigo/curso-obj-c/Banco/Conta.m311177137#311177137#0(0"0(0#0#40"/Users/rodrigo/curso-obj-c/Banco/Conta.m8615270272#1332"    cd /Users/rodrigo/curso-obj-c/Banco    setenv LANG en_US.US-ASCII    /Developer/usr/bin/gcc-4.2 -x objective-c -arch x86_64 -fmessage-length=0 -pipe -std=gnu99 -Wno-trigraphs -fpascal-strings -fasm-blocks -O0 -Wreturn-type -Wunused-variable -isysroot /Developer/SDKs/MacOSX10.6.sdk -mmacosx-version-min=10.6 -gdwarf-2 -iquote /Users/rodrigo/curso-obj-c/Banco/build/Banco.build/Debug/Test.build/Test-generated-files.hmap -I/Users/rodrigo/curso-obj-c/Banco/build/Banco.build/Debug/Test.build/Test-own-target-headers.hmap -I/Users/rodrigo/curso-obj-c/Banco/build/Banco.build/Debug/Test.build/Test-all-target-headers.hmap -iquote /Users/rodrigo/curso-obj-c/Banco/build/Banco.build/Debug/Test.build/Test-project-headers.hmap -F/Users/rodrigo/curso-obj-c/Banco/build/Debug -F/Developer/Library/Frameworks -I/Users/rodrigo/curso-obj-c/Banco/build/Debug/include -I/Users/rodrigo/curso-obj-c/Banco/build/Banco.build/Debug/Test.build/DerivedSources/x86_64 -I/Users/rodrigo/curso-obj-c/Banco/build/Banco.build/Debug/Test.build/DerivedSources -include /var/folders/KR/KRNnJQv7ECebf8OdWDLZsE+++TI/-Caches-/com.apple.Xcode.501/SharedPrecompiledHeaders/Cocoa-eorrsdhcwhghbvahnwvosxpeibmi/Cocoa.h -c /Users/rodrigo/curso-obj-c/Banco/Conta.m -o /Users/rodrigo/curso-obj-c/Banco/build/Banco.build/Debug/Test.build/Objects-normal/x86_64/Conta.o0#

CCompileC build/Banco.build/Debug/Test.build/Objects-normal/x86_64/ContaTest.o /Users/rodrigo/curso-obj-c/Banco/ContaTest.m normal x86_64 objective-c com.apple.compilers.gcc.4_2
s311178218.650111
e311178218.813066
r1
xCompileC
xbuild/Banco.build/Debug/Test.build/Objects-normal/x86_64/ContaTest.o
x/Users/rodrigo/curso-obj-c/Banco/ContaTest.m
xnormal
xx86_64
xobjective-c
xcom.apple.compilers.gcc.4_2
lSLF07#2@52"Compile /Users/rodrigo/curso-obj-c/Banco/ContaTest.m311178218#311178218#0(0"0(0#0#44"/Users/rodrigo/curso-obj-c/Banco/ContaTest.m8620390688#1340"    cd /Users/rodrigo/curso-obj-c/Banco    setenv LANG en_US.US-ASCII    /Developer/usr/bin/gcc-4.2 -x objective-c -arch x86_64 -fmessage-length=0 -pipe -std=gnu99 -Wno-trigraphs -fpascal-strings -fasm-blocks -O0 -Wreturn-type -Wunused-variable -isysroot /Developer/SDKs/MacOSX10.6.sdk -mmacosx-version-min=10.6 -gdwarf-2 -iquote /Users/rodrigo/curso-obj-c/Banco/build/Banco.build/Debug/Test.build/Test-generated-files.hmap -I/Users/rodrigo/curso-obj-c/Banco/build/Banco.build/Debug/Test.build/Test-own-target-headers.hmap -I/Users/rodrigo/curso-obj-c/Banco/build/Banco.build/Debug/Test.build/Test-all-target-headers.hmap -iquote /Users/rodrigo/curso-obj-c/Banco/build/Banco.build/Debug/Test.build/Test-project-headers.hmap -F/Users/rodrigo/curso-obj-c/Banco/build/Debug -F/Developer/Library/Frameworks -I/Users/rodrigo/curso-obj-c/Banco/build/Debug/include -I/Users/rodrigo/curso-obj-c/Banco/build/Banco.build/Debug/Test.build/DerivedSources/x86_64 -I/Users/rodrigo/curso-obj-c/Banco/build/Banco.build/Debug/Test.build/DerivedSources -include /var/folders/KR/KRNnJQv7ECebf8OdWDLZsE+++TI/-Caches-/com.apple.Xcode.501/SharedPrecompiledHeaders/Cocoa-eorrsdhcwhghbvahnwvosxpeibmi/Cocoa.h -c /Users/rodrigo/curso-obj-c/Banco/ContaTest.m -o /Users/rodrigo/curso-obj-c/Banco/build/Banco.build/Debug/Test.build/Objects-normal/x86_64/ContaTest.o0#

CLd /Users/rodrigo/curso-obj-c/Banco/build/Debug/Test.octest/Contents/MacOS/Test normal x86_64
s311178218.813160
e311178218.851370
r1
xLd
x/Users/rodrigo/curso-obj-c/Banco/build/Debug/Test.octest/Contents/MacOS/Test
xnormal
xx86_64
lSLF07#2@81"Link /Users/rodrigo/curso-obj-c/Banco/build/Debug/Test.octest/Contents/MacOS/Test311178218#311178218#0(0"0(0#0#0"8619473536#566"    cd /Users/rodrigo/curso-obj-c/Banco    setenv MACOSX_DEPLOYMENT_TARGET 10.6    /Developer/usr/bin/gcc-4.2 -arch x86_64 -bundle -isysroot /Developer/SDKs/MacOSX10.6.sdk -L/Users/rodrigo/curso-obj-c/Banco/build/Debug -F/Users/rodrigo/curso-obj-c/Banco/build/Debug -F/Developer/Library/Frameworks -filelist /Users/rodrigo/curso-obj-c/Banco/build/Banco.build/Debug/Test.build/Objects-normal/x86_64/Test.LinkFileList -mmacosx-version-min=10.6 -framework Cocoa -framework SenTestingKit -o /Users/rodrigo/curso-obj-c/Banco/build/Debug/Test.octest/Contents/MacOS/Test0#

CPhaseScriptExecution "Run Script" /Users/rodrigo/curso-obj-c/Banco/build/Banco.build/Debug/Test.build/Script-5BA5D0F4128C15C2002D2CDE.sh
s311172882.300214
e311172882.660140
r0
xPhaseScriptExecution
xRun Script
x/Users/rodrigo/curso-obj-c/Banco/build/Banco.build/Debug/Test.build/Script-5BA5D0F4128C15C2002D2CDE.sh
o/Developer/Tools/RunPlatformUnitTests.include:412: note: Started tests for architectures 'x86_64'
o/Developer/Tools/RunPlatformUnitTests.include:419: note: Running tests for architecture 'x86_64' (GC OFF)
oobjc[13984]: GC: forcing GC OFF because OBJC_DISABLE_GC is set
o2010-11-11 09:54:42.645 otest-x86_64[13984:903] The executable for the test bundle at /Users/rodrigo/curso-obj-c/Banco/build/Debug/Test.octest could not be found.
o2010-11-11 09:54:42.647 otest-x86_64[13984:903] Usage: otest-x86_64 [-SenTest Self | All | None | <TestCaseClassName/testMethodName>] <path of unit to be tested>
o2010-11-11 09:54:42.648 otest-x86_64[13984:903] *** -[NSCFDictionary setObject:forKey:]: attempt to insert nil value (key: _NSTaskExecutablePath)
o/Developer/Tools/RunPlatformUnitTests.include:448: error: Failed tests for architecture 'x86_64' (GC OFF)
o/Developer/Tools/RunPlatformUnitTests.include:462: note: Completed tests for architectures 'x86_64'
lSLF07#2@36"Run custom shell script 'Run Script'311172882#311172882#1(20@49"Run unit tests for architecture 'x86_64' (GC OFF)311172882#311172882#0(746"/Developer/Tools/RunPlatformUnitTests.include:419: note: Running tests for architecture 'x86_64' (GC OFF)objc[13984]: GC: forcing GC OFF because OBJC_DISABLE_GC is set2010-11-11 09:54:42.645 otest-x86_64[13984:903] The executable for the test bundle at /Users/rodrigo/curso-obj-c/Banco/build/Debug/Test.octest could not be found.2010-11-11 09:54:42.647 otest-x86_64[13984:903] Usage: otest-x86_64 [-SenTest Self | All | None | <TestCaseClassName/testMethodName>] <path of unit to be tested>2010-11-11 09:54:42.648 otest-x86_64[13984:903] *** -[NSCFDictionary setObject:forKey:]: attempt to insert nil value (key: _NSTaskExecutablePath)/Developer/Tools/RunPlatformUnitTests.include:448: error: Failed tests for architecture 'x86_64' (GC OFF)1(4@47"Failed tests for architecture 'x86_64' (GC OFF)311172882#18446744073709551615#0#0(6@0"311172882#0#0#0#0#0"0(0#0#0"0"105"/Developer/Tools/RunPlatformUnitTests.include:448: error: Failed tests for architecture 'x86_64' (GC OFF)0"984"/Developer/Tools/RunPlatformUnitTests.include:412: note: Started tests for architectures 'x86_64'/Developer/Tools/RunPlatformUnitTests.include:419: note: Running tests for architecture 'x86_64' (GC OFF)objc[13984]: GC: forcing GC OFF because OBJC_DISABLE_GC is set2010-11-11 09:54:42.645 otest-x86_64[13984:903] The executable for the test bundle at /Users/rodrigo/curso-obj-c/Banco/build/Debug/Test.octest could not be found.2010-11-11 09:54:42.647 otest-x86_64[13984:903] Usage: otest-x86_64 [-SenTest Self | All | None | <TestCaseClassName/testMethodName>] <path of unit to be tested>2010-11-11 09:54:42.648 otest-x86_64[13984:903] *** -[NSCFDictionary setObject:forKey:]: attempt to insert nil value (key: _NSTaskExecutablePath)/Developer/Tools/RunPlatformUnitTests.include:448: error: Failed tests for architecture 'x86_64' (GC OFF)/Developer/Tools/RunPlatformUnitTests.include:462: note: Completed tests for architectures 'x86_64'Command /bin/sh failed with exit code 11(4@39"Command /bin/sh failed with exit code 1311172882#18446744073709551615#0#0(1@0"0(0#0#0"8613524320#15457"    cd /Users/rodrigo/curso-obj-c/Banco    setenv ACTION build    setenv ALTERNATE_GROUP staff    setenv ALTERNATE_MODE u+w,go-w,a+rX    setenv ALTERNATE_OWNER rodrigo    setenv ALWAYS_SEARCH_USER_PATHS NO    setenv APPLE_INTERNAL_DEVELOPER_DIR /AppleInternal/Developer    setenv APPLE_INTERNAL_DIR /AppleInternal    setenv APPLE_INTERNAL_DOCUMENTATION_DIR /AppleInternal/Documentation    setenv APPLE_INTERNAL_LIBRARY_DIR /AppleInternal/Library    setenv APPLE_INTERNAL_TOOLS /AppleInternal/Developer/Tools    setenv APPLY_RULES_IN_COPY_FILES NO    setenv ARCHS x86_64    setenv ARCHS_STANDARD_32_64_BIT "x86_64 i386 ppc"    setenv ARCHS_STANDARD_32_BIT "i386 ppc"    setenv ARCHS_STANDARD_64_BIT x86_64    setenv BUILD_COMPONENTS "headers build"    setenv BUILD_DIR /Users/rodrigo/curso-obj-c/Banco/build    setenv BUILD_ROOT /Users/rodrigo/curso-obj-c/Banco/build    setenv BUILD_STYLE Debug    setenv BUILD_VARIANTS normal    setenv BUILT_PRODUCTS_DIR /Users/rodrigo/curso-obj-c/Banco/build/Debug    setenv CACHE_ROOT /var/folders/KR/KRNnJQv7ECebf8OdWDLZsE+++TI/-Caches-/com.apple.Xcode.501    setenv CCHROOT /var/folders/KR/KRNnJQv7ECebf8OdWDLZsE+++TI/-Caches-/com.apple.Xcode.501    setenv CHMOD /bin/chmod    setenv CHOWN /usr/sbin/chown    setenv CLASS_FILE_DIR /Users/rodrigo/curso-obj-c/Banco/build/Banco.build/Debug/Test.build/JavaClasses    setenv CLEAN_PRECOMPS YES    setenv CLONE_HEADERS NO    setenv CODESIGNING_FOLDER_PATH /Users/rodrigo/curso-obj-c/Banco/build/Debug/Test.octest    setenv CODE_SIGNING_ALLOWED YES    setenv COMMAND_MODE legacy    setenv COMPOSITE_SDK_DIRS /var/folders/KR/KRNnJQv7ECebf8OdWDLZsE+++TI/-Caches-/com.apple.Xcode.501/CompositeSDKs    setenv CONFIGURATION Debug    setenv CONFIGURATION_BUILD_DIR /Users/rodrigo/curso-obj-c/Banco/build/Debug    setenv CONFIGURATION_TEMP_DIR /Users/rodrigo/curso-obj-c/Banco/build/Banco.build/Debug    setenv CONTENTS_FOLDER_PATH Test.octest/Contents    setenv COPYING_PRESERVES_HFS_DATA NO    setenv COPY_PHASE_STRIP NO    setenv COPY_RESOURCES_FROM_STATIC_FRAMEWORKS YES    setenv CP /bin/cp    setenv CURRENT_ARCH x86_64    setenv CURRENT_VARIANT normal    setenv DEAD_CODE_STRIPPING NO    setenv DEBUGGING_SYMBOLS YES    setenv DEBUG_INFORMATION_FORMAT dwarf    setenv DEPLOYMENT_LOCATION NO    setenv DEPLOYMENT_POSTPROCESSING NO    setenv DERIVED_FILES_DIR /Users/rodrigo/curso-obj-c/Banco/build/Banco.build/Debug/Test.build/DerivedSources    setenv DERIVED_FILE_DIR /Users/rodrigo/curso-obj-c/Banco/build/Banco.build/Debug/Test.build/DerivedSources    setenv DERIVED_SOURCES_DIR /Users/rodrigo/curso-obj-c/Banco/build/Banco.build/Debug/Test.build/DerivedSources    setenv DEVELOPER_APPLICATIONS_DIR /Developer/Applications    setenv DEVELOPER_BIN_DIR /Developer/usr/bin    setenv DEVELOPER_DIR /Developer    setenv DEVELOPER_FRAMEWORKS_DIR /Developer/Library/Frameworks    setenv DEVELOPER_FRAMEWORKS_DIR_QUOTED "\"/Developer/Library/Frameworks\""    setenv DEVELOPER_LIBRARY_DIR /Developer/Library    setenv DEVELOPER_SDK_DIR /Developer/SDKs    setenv DEVELOPER_TOOLS_DIR /Developer/Tools    setenv DEVELOPER_USR_DIR /Developer/usr    setenv DEVELOPMENT_LANGUAGE English    setenv DOCUMENTATION_FOLDER_PATH Test.octest/Contents/Resources/English.lproj/Documentation    setenv DO_HEADER_SCANNING_IN_JAM NO    setenv DSTROOT /tmp/Banco.dst    setenv DWARF_DSYM_FILE_NAME Test.octest.dSYM    setenv DWARF_DSYM_FOLDER_PATH /Users/rodrigo/curso-obj-c/Banco/build/Debug    setenv ENABLE_HEADER_DEPENDENCIES YES    setenv ENABLE_OPENMP_SUPPORT NO    setenv EXCLUDED_INSTALLSRC_SUBDIRECTORY_PATTERNS ".svn CVS"    setenv EXCLUDED_RECURSIVE_SEARCH_PATH_SUBDIRECTORIES "*.nib *.lproj *.framework *.gch (*) CVS .svn *.xcodeproj *.xcode *.pbproj *.pbxproj"    setenv EXECUTABLES_FOLDER_PATH Test.octest/Contents/Executables    setenv EXECUTABLE_FOLDER_PATH Test.octest/Contents/MacOS    setenv EXECUTABLE_NAME Test    setenv EXECUTABLE_PATH Test.octest/Contents/MacOS/Test    setenv FILE_LIST /Users/rodrigo/curso-obj-c/Banco/build/Banco.build/Debug/Test.build/Objects/LinkFileList    setenv FIXED_FILES_DIR /Users/rodrigo/curso-obj-c/Banco/build/Banco.build/Debug/Test.build/FixedFiles    setenv FRAMEWORKS_FOLDER_PATH Test.octest/Contents/Frameworks    setenv FRAMEWORK_FLAG_PREFIX -framework    setenv FRAMEWORK_SEARCH_PATHS "\"/Users/rodrigo/curso-obj-c/Banco/build/Debug\"  \"/Developer/SDKs/MacOSX10.6.sdk/Developer/Library/Frameworks\" \"/Developer/Library/Frameworks\" "    setenv FRAMEWORK_VERSION A    setenv FULL_PRODUCT_NAME Test.octest    setenv GCC3_VERSION 3.3    setenv GCC_C_LANGUAGE_STANDARD gnu99    setenv GCC_DYNAMIC_NO_PIC NO    setenv GCC_ENABLE_FIX_AND_CONTINUE NO    setenv GCC_ENABLE_OBJC_EXCEPTIONS YES    setenv GCC_INLINES_ARE_PRIVATE_EXTERN YES    setenv GCC_OPTIMIZATION_LEVEL 0    setenv GCC_PFE_FILE_C_DIALECTS "c objective-c c++ objective-c++"    setenv GCC_TREAT_WARNINGS_AS_ERRORS NO    setenv GCC_VERSION 4.2    setenv GCC_WARN_ABOUT_RETURN_TYPE YES    setenv GCC_WARN_UNUSED_VARIABLE YES    setenv GENERATE_MASTER_OBJECT_FILE NO    setenv GENERATE_PKGINFO_FILE NO    setenv GENERATE_PROFILING_CODE NO    setenv GID 20    setenv GROUP staff    setenv HEADERMAP_INCLUDES_FLAT_ENTRIES_FOR_TARGET_BEING_BUILT YES    setenv HEADERMAP_INCLUDES_FRAMEWORK_ENTRIES_FOR_ALL_PRODUCT_TYPES YES    setenv HEADERMAP_INCLUDES_NONPUBLIC_NONPRIVATE_HEADERS YES    setenv HEADERMAP_INCLUDES_PROJECT_HEADERS YES    setenv HEADER_SEARCH_PATHS "\"/Users/rodrigo/curso-obj-c/Banco/build/Debug/include\" "    setenv ICONV /usr/bin/iconv    setenv INFOPLIST_EXPAND_BUILD_SETTINGS YES    setenv INFOPLIST_FILE Test-Info.plist    setenv INFOPLIST_OUTPUT_FORMAT same-as-input    setenv INFOPLIST_PATH Test.octest/Contents/Info.plist    setenv INFOPLIST_PREPROCESS NO    setenv INFOSTRINGS_PATH Test.octest/Contents/Resources/English.lproj/InfoPlist.strings    setenv INSTALL_DIR /tmp/Banco.dst    setenv INSTALL_GROUP staff    setenv INSTALL_MODE_FLAG u+w,go-w,a+rX    setenv INSTALL_OWNER rodrigo    setenv INSTALL_ROOT /tmp/Banco.dst    setenv JAVAC_DEFAULT_FLAGS "-J-Xms64m -J-XX:NewSize=4M -J-Dfile.encoding=UTF8"    setenv JAVA_APP_STUB /System/Library/Frameworks/JavaVM.framework/Resources/MacOS/JavaApplicationStub    setenv JAVA_ARCHIVE_CLASSES YES    setenv JAVA_ARCHIVE_TYPE JAR    setenv JAVA_COMPILER /usr/bin/javac    setenv JAVA_FOLDER_PATH Test.octest/Contents/Resources/Java    setenv JAVA_FRAMEWORK_RESOURCES_DIRS Resources    setenv JAVA_JAR_FLAGS cv    setenv JAVA_SOURCE_SUBDIR .    setenv JAVA_USE_DEPENDENCIES YES    setenv JAVA_ZIP_FLAGS -urg    setenv JIKES_DEFAULT_FLAGS "+E +OLDCSO"    setenv KEEP_PRIVATE_EXTERNS NO    setenv LD_GENERATE_MAP_FILE NO    setenv LD_MAP_FILE_PATH /Users/rodrigo/curso-obj-c/Banco/build/Banco.build/Debug/Test.build/Test-LinkMap-normal-x86_64.txt    setenv LD_OPENMP_FLAGS -fopenmp    setenv LEX /Developer/usr/bin/lex    setenv LIBRARY_FLAG_NOSPACE YES    setenv LIBRARY_FLAG_PREFIX -l    setenv LIBRARY_SEARCH_PATHS "\"/Users/rodrigo/curso-obj-c/Banco/build/Debug\" "    setenv LINKER_DISPLAYS_MANGLED_NAMES NO    setenv LINK_FILE_LIST_normal_x86_64 /Users/rodrigo/curso-obj-c/Banco/build/Banco.build/Debug/Test.build/Objects-normal/x86_64/Test.LinkFileList    setenv LINK_WITH_STANDARD_LIBRARIES YES    setenv LOCALIZED_RESOURCES_FOLDER_PATH Test.octest/Contents/Resources/English.lproj    setenv LOCAL_ADMIN_APPS_DIR /Applications/Utilities    setenv LOCAL_APPS_DIR /Applications    setenv LOCAL_DEVELOPER_DIR /Library/Developer    setenv LOCAL_LIBRARY_DIR /Library    setenv MACH_O_TYPE mh_bundle    setenv MACOSX_DEPLOYMENT_TARGET 10.6    setenv MAC_OS_X_VERSION_ACTUAL 1064    setenv MAC_OS_X_VERSION_MAJOR 1060    setenv MAC_OS_X_VERSION_MINOR 0604    setenv NATIVE_ARCH i386    setenv NATIVE_ARCH_32_BIT i386    setenv NATIVE_ARCH_64_BIT x86_64    setenv NATIVE_ARCH_ACTUAL x86_64    setenv NO_COMMON YES    setenv OBJECT_FILE_DIR /Users/rodrigo/curso-obj-c/Banco/build/Banco.build/Debug/Test.build/Objects    setenv OBJECT_FILE_DIR_normal /Users/rodrigo/curso-obj-c/Banco/build/Banco.build/Debug/Test.build/Objects-normal    setenv OBJROOT /Users/rodrigo/curso-obj-c/Banco/build    setenv ONLY_ACTIVE_ARCH YES    setenv OPTIMIZATION_LEVEL 0    setenv OS MACOS    setenv OSAC /usr/bin/osacompile    setenv OTHER_LDFLAGS "-framework Foundation -framework SenTestingKit -framework UIKit"    setenv PACKAGE_TYPE com.apple.package-type.wrapper    setenv PASCAL_STRINGS YES    setenv PATH_PREFIXES_EXCLUDED_FROM_HEADER_DEPENDENCIES "/usr/include /usr/local/include /System/Library/Frameworks /System/Library/PrivateFrameworks /Developer/Headers /Developer/SDKs /Developer/Platforms"    setenv PBDEVELOPMENTPLIST_PATH Test.octest/Contents/pbdevelopment.plist    setenv PFE_FILE_C_DIALECTS objective-c    setenv PKGINFO_FILE_PATH /Users/rodrigo/curso-obj-c/Banco/build/Banco.build/Debug/Test.build/PkgInfo    setenv PKGINFO_PATH Test.octest/Contents/PkgInfo    setenv PLATFORM_DEVELOPER_APPLICATIONS_DIR /Developer/Applications    setenv PLATFORM_DEVELOPER_BIN_DIR /Developer/usr/bin    setenv PLATFORM_DEVELOPER_LIBRARY_DIR /Developer/Library    setenv PLATFORM_DEVELOPER_SDK_DIR /Developer/SDKs    setenv PLATFORM_DEVELOPER_TOOLS_DIR /Developer/Tools    setenv PLATFORM_DEVELOPER_USR_DIR /Developer/usr    setenv PLATFORM_NAME macosx    setenv PLIST_FILE_OUTPUT_FORMAT same-as-input    setenv PLUGINS_FOLDER_PATH Test.octest/Contents/PlugIns    setenv PREBINDING NO    setenv PRECOMPS_INCLUDE_HEADERS_FROM_BUILT_PRODUCTS_DIR YES    setenv PRECOMP_DESTINATION_DIR /Users/rodrigo/curso-obj-c/Banco/build/Banco.build/Debug/Test.build/PrefixHeaders    setenv PRESERVE_DEAD_CODE_INITS_AND_TERMS NO    setenv PRIVATE_HEADERS_FOLDER_PATH Test.octest/Contents/PrivateHeaders    setenv PRODUCT_NAME Test    setenv PRODUCT_SETTINGS_PATH /Users/rodrigo/curso-obj-c/Banco/Test-Info.plist    setenv PRODUCT_TYPE com.apple.product-type.bundle    setenv PROFILING_CODE NO    setenv PROJECT Banco    setenv PROJECT_DERIVED_FILE_DIR /Users/rodrigo/curso-obj-c/Banco/build/Banco.build/DerivedSources    setenv PROJECT_DIR /Users/rodrigo/curso-obj-c/Banco    setenv PROJECT_FILE_PATH /Users/rodrigo/curso-obj-c/Banco/Banco.xcodeproj    setenv PROJECT_NAME Banco    setenv PROJECT_TEMP_DIR /Users/rodrigo/curso-obj-c/Banco/build/Banco.build    setenv PUBLIC_HEADERS_FOLDER_PATH Test.octest/Contents/Headers    setenv RECURSIVE_SEARCH_PATHS_FOLLOW_SYMLINKS YES    setenv REMOVE_CVS_FROM_RESOURCES YES    setenv REMOVE_SVN_FROM_RESOURCES YES    setenv REZ_COLLECTOR_DIR /Users/rodrigo/curso-obj-c/Banco/build/Banco.build/Debug/Test.build/ResourceManagerResources    setenv REZ_OBJECTS_DIR /Users/rodrigo/curso-obj-c/Banco/build/Banco.build/Debug/Test.build/ResourceManagerResources/Objects    setenv REZ_SEARCH_PATHS "\"/Users/rodrigo/curso-obj-c/Banco/build/Debug\" "    setenv RUN_CLANG_STATIC_ANALYZER NO    setenv SCAN_ALL_SOURCE_FILES_FOR_INCLUDES NO    setenv SCRIPTS_FOLDER_PATH Test.octest/Contents/Resources/Scripts    setenv SCRIPT_INPUT_FILE_COUNT 0    setenv SCRIPT_OUTPUT_FILE_COUNT 0    setenv SDKROOT /Developer/SDKs/MacOSX10.6.sdk    setenv SDK_DIR /Developer/SDKs/MacOSX10.6.sdk    setenv SDK_NAME macosx10.6    setenv SED /usr/bin/sed    setenv SEPARATE_STRIP NO    setenv SEPARATE_SYMBOL_EDIT NO    setenv SET_DIR_MODE_OWNER_GROUP YES    setenv SET_FILE_MODE_OWNER_GROUP NO    setenv SHARED_DERIVED_FILE_DIR /Users/rodrigo/curso-obj-c/Banco/build/Debug/DerivedSources    setenv SHARED_FRAMEWORKS_FOLDER_PATH Test.octest/Contents/SharedFrameworks    setenv SHARED_PRECOMPS_DIR /var/folders/KR/KRNnJQv7ECebf8OdWDLZsE+++TI/-Caches-/com.apple.Xcode.501/SharedPrecompiledHeaders    setenv SHARED_SUPPORT_FOLDER_PATH Test.octest/Contents/SharedSupport    setenv SKIP_INSTALL YES    setenv SOURCE_ROOT /Users/rodrigo/curso-obj-c/Banco    setenv SRCROOT /Users/rodrigo/curso-obj-c/Banco    setenv STANDARD_C_PLUS_PLUS_LIBRARY_TYPE dynamic    setenv STRINGS_FILE_OUTPUT_ENCODING UTF-16    setenv STRIP_INSTALLED_PRODUCT YES    setenv STRIP_STYLE non-global    setenv SYMBOL_REPOSITORY_DIR /Users/rodrigo/curso-obj-c/Banco/build/Banco.build/Debug/Test.build/SymbolRepositories    setenv SYMROOT /Users/rodrigo/curso-obj-c/Banco/build    setenv SYSTEM_ADMIN_APPS_DIR /Applications/Utilities    setenv SYSTEM_APPS_DIR /Applications    setenv SYSTEM_CORE_SERVICES_DIR /System/Library/CoreServices    setenv SYSTEM_DEMOS_DIR /Applications/Extras    setenv SYSTEM_DEVELOPER_APPS_DIR /Developer/Applications    setenv SYSTEM_DEVELOPER_BIN_DIR /Developer/usr/bin    setenv SYSTEM_DEVELOPER_DEMOS_DIR "/Developer/Applications/Utilities/Built Examples"    setenv SYSTEM_DEVELOPER_DIR /Developer    setenv SYSTEM_DEVELOPER_DOC_DIR "/Developer/ADC Reference Library"    setenv SYSTEM_DEVELOPER_GRAPHICS_TOOLS_DIR "/Developer/Applications/Graphics Tools"    setenv SYSTEM_DEVELOPER_JAVA_TOOLS_DIR "/Developer/Applications/Java Tools"    setenv SYSTEM_DEVELOPER_PERFORMANCE_TOOLS_DIR "/Developer/Applications/Performance Tools"    setenv SYSTEM_DEVELOPER_RELEASENOTES_DIR "/Developer/ADC Reference Library/releasenotes"    setenv SYSTEM_DEVELOPER_TOOLS /Developer/Tools    setenv SYSTEM_DEVELOPER_TOOLS_DOC_DIR "/Developer/ADC Reference Library/documentation/DeveloperTools"    setenv SYSTEM_DEVELOPER_TOOLS_RELEASENOTES_DIR "/Developer/ADC Reference Library/releasenotes/DeveloperTools"    setenv SYSTEM_DEVELOPER_USR_DIR /Developer/usr    setenv SYSTEM_DEVELOPER_UTILITIES_DIR /Developer/Applications/Utilities    setenv SYSTEM_DOCUMENTATION_DIR /Library/Documentation    setenv SYSTEM_LIBRARY_DIR /System/Library    setenv TARGETNAME Test    setenv TARGET_BUILD_DIR /Users/rodrigo/curso-obj-c/Banco/build/Debug    setenv TARGET_NAME Test    setenv TARGET_TEMP_DIR /Users/rodrigo/curso-obj-c/Banco/build/Banco.build/Debug/Test.build    setenv TEMP_DIR /Users/rodrigo/curso-obj-c/Banco/build/Banco.build/Debug/Test.build    setenv TEMP_FILES_DIR /Users/rodrigo/curso-obj-c/Banco/build/Banco.build/Debug/Test.build    setenv TEMP_FILE_DIR /Users/rodrigo/curso-obj-c/Banco/build/Banco.build/Debug/Test.build    setenv TEMP_ROOT /Users/rodrigo/curso-obj-c/Banco/build    setenv UID 501    setenv UNLOCALIZED_RESOURCES_FOLDER_PATH Test.octest/Contents/Resources    setenv UNSTRIPPED_PRODUCT NO    setenv USER rodrigo    setenv USER_APPS_DIR /Users/rodrigo/Applications    setenv USER_LIBRARY_DIR /Users/rodrigo/Library    setenv USE_DYNAMIC_NO_PIC YES    setenv USE_HEADERMAP YES    setenv USE_HEADER_SYMLINKS NO    setenv VALIDATE_PRODUCT NO    setenv VALID_ARCHS "i386 ppc ppc64 ppc7400 ppc970 x86_64"    setenv VERBOSE_PBXCP NO    setenv VERSIONPLIST_PATH Test.octest/Contents/version.plist    setenv VERSION_INFO_BUILDER rodrigo    setenv VERSION_INFO_FILE Test_vers.c    setenv VERSION_INFO_STRING "\"@(#)PROGRAM:Test  PROJECT:Banco-\""    setenv WRAPPER_EXTENSION octest    setenv WRAPPER_NAME Test.octest    setenv WRAPPER_SUFFIX .octest    setenv XCODE_APP_SUPPORT_DIR /Developer/Library/Xcode    setenv XCODE_VERSION_ACTUAL 0324    setenv XCODE_VERSION_MAJOR 0300    setenv XCODE_VERSION_MINOR 0320    setenv YACC /Developer/usr/bin/yacc    /bin/sh -c /Users/rodrigo/curso-obj-c/Banco/build/Banco.build/Debug/Test.build/Script-5BA5D0F4128C15C2002D2CDE.sh1#

CPhaseScriptExecution "Run Script" /Users/rodrigo/curso-obj-c/Banco/build/Banco.build/Debug/Test.build/Script-5BA5D11C128C1F69002D2CDE.sh
s311178218.851483
e311178219.019405
r1
xPhaseScriptExecution
xRun Script
x/Users/rodrigo/curso-obj-c/Banco/build/Banco.build/Debug/Test.build/Script-5BA5D11C128C1F69002D2CDE.sh
o/Developer/Tools/RunPlatformUnitTests.include:412: note: Started tests for architectures 'x86_64'
o/Developer/Tools/RunPlatformUnitTests.include:419: note: Running tests for architecture 'x86_64' (GC OFF)
oobjc[15445]: GC: forcing GC OFF because OBJC_DISABLE_GC is set
oTest Suite '/Users/rodrigo/curso-obj-c/Banco/build/Debug/Test.octest(Tests)' started at 2010-11-11 11:23:39 -0300
oTest Suite 'ContaTest' started at 2010-11-11 11:23:39 -0300
oTest Case '-[ContaTest testDepositarComFalha]' started.
oTest Case '-[ContaTest testDepositarComFalha]' passed (0.000 seconds).
oTest Case '-[ContaTest testDepositarComSucesso]' started.
oTest Case '-[ContaTest testDepositarComSucesso]' passed (0.000 seconds).
oTest Case '-[ContaTest testSacarComFalha]' started.
oTest Case '-[ContaTest testSacarComFalha]' passed (0.000 seconds).
oTest Case '-[ContaTest testSacarComSucesso]' started.
oTest Case '-[ContaTest testSacarComSucesso]' passed (0.000 seconds).
oTest Case '-[ContaTest testTransferenciaComSucesso]' started.
oTest Case '-[ContaTest testTransferenciaComSucesso]' passed (0.000 seconds).
oTest Suite 'ContaTest' finished at 2010-11-11 11:23:39 -0300.
oExecuted 5 tests, with 0 failures (0 unexpected) in 0.000 (0.001) seconds
o
oTest Suite '/Users/rodrigo/curso-obj-c/Banco/build/Debug/Test.octest(Tests)' finished at 2010-11-11 11:23:39 -0300.
oExecuted 5 tests, with 0 failures (0 unexpected) in 0.000 (0.003) seconds
o
o/Developer/Tools/RunPlatformUnitTests.include:446: note: Passed tests for architecture 'x86_64' (GC OFF)
o/Developer/Tools/RunPlatformUnitTests.include:462: note: Completed tests for architectures 'x86_64'
lSLF07#2@36"Run custom shell script 'Run Script'311178218#311178219#1(20@49"Run unit tests for architecture 'x86_64' (GC OFF)311178218#311178219#1(20@78"Run test suite /Users/rodrigo/curso-obj-c/Banco/build/Debug/Test.octest(Tests)311178219#311178219#1(20@24"Run test suite ContaTest311178219#311178219#5(20@35"Run test case testDepositarComFalha311178219#311178219#0(127"Test Case '-[ContaTest testDepositarComFalha]' started.Test Case '-[ContaTest testDepositarComFalha]' passed (0.000 seconds).0(0#0#0"13"0.000 seconds70"Test Case '-[ContaTest testDepositarComFalha]' passed (0.000 seconds).21"testDepositarComFalha20@37"Run test case testDepositarComSucesso311178219#311178219#0(131"Test Case '-[ContaTest testDepositarComSucesso]' started.Test Case '-[ContaTest testDepositarComSucesso]' passed (0.000 seconds).0(0#0#0"13"0.000 seconds72"Test Case '-[ContaTest testDepositarComSucesso]' passed (0.000 seconds).23"testDepositarComSucesso20@31"Run test case testSacarComFalha311178219#311178219#0(119"Test Case '-[ContaTest testSacarComFalha]' started.Test Case '-[ContaTest testSacarComFalha]' passed (0.000 seconds).0(0#0#0"13"0.000 seconds66"Test Case '-[ContaTest testSacarComFalha]' passed (0.000 seconds).17"testSacarComFalha20@33"Run test case testSacarComSucesso311178219#311178219#0(123"Test Case '-[ContaTest testSacarComSucesso]' started.Test Case '-[ContaTest testSacarComSucesso]' passed (0.000 seconds).0(0#0#0"13"0.000 seconds68"Test Case '-[ContaTest testSacarComSucesso]' passed (0.000 seconds).19"testSacarComSucesso20@41"Run test case testTransferenciaComSucesso311178219#311178219#0(139"Test Case '-[ContaTest testTransferenciaComSucesso]' started.Test Case '-[ContaTest testTransferenciaComSucesso]' passed (0.000 seconds).0(0#0#0"13"0.000 seconds76"Test Case '-[ContaTest testTransferenciaComSucesso]' passed (0.000 seconds).27"testTransferenciaComSucesso835"Test Suite 'ContaTest' started at 2010-11-11 11:23:39 -0300Test Case '-[ContaTest testDepositarComFalha]' started.Test Case '-[ContaTest testDepositarComFalha]' passed (0.000 seconds).Test Case '-[ContaTest testDepositarComSucesso]' started.Test Case '-[ContaTest testDepositarComSucesso]' passed (0.000 seconds).Test Case '-[ContaTest testSacarComFalha]' started.Test Case '-[ContaTest testSacarComFalha]' passed (0.000 seconds).Test Case '-[ContaTest testSacarComSucesso]' started.Test Case '-[ContaTest testSacarComSucesso]' passed (0.000 seconds).Test Case '-[ContaTest testTransferenciaComSucesso]' started.Test Case '-[ContaTest testTransferenciaComSucesso]' passed (0.000 seconds).Test Suite 'ContaTest' finished at 2010-11-11 11:23:39 -0300.Executed 5 tests, with 0 failures (0 unexpected) in 0.000 (0.001) seconds0(0#0#23"5 out of 5 tests passed13"0.001 seconds73"Executed 5 tests, with 0 failures (0 unexpected) in 0.000 (0.001) seconds9"ContaTest1140"Test Suite '/Users/rodrigo/curso-obj-c/Banco/build/Debug/Test.octest(Tests)' started at 2010-11-11 11:23:39 -0300Test Suite 'ContaTest' started at 2010-11-11 11:23:39 -0300Test Case '-[ContaTest testDepositarComFalha]' started.Test Case '-[ContaTest testDepositarComFalha]' passed (0.000 seconds).Test Case '-[ContaTest testDepositarComSucesso]' started.Test Case '-[ContaTest testDepositarComSucesso]' passed (0.000 seconds).Test Case '-[ContaTest testSacarComFalha]' started.Test Case '-[ContaTest testSacarComFalha]' passed (0.000 seconds).Test Case '-[ContaTest testSacarComSucesso]' started.Test Case '-[ContaTest testSacarComSucesso]' passed (0.000 seconds).Test Case '-[ContaTest testTransferenciaComSucesso]' started.Test Case '-[ContaTest testTransferenciaComSucesso]' passed (0.000 seconds).Test Suite 'ContaTest' finished at 2010-11-11 11:23:39 -0300.Executed 5 tests, with 0 failures (0 unexpected) in 0.000 (0.001) secondsTest Suite '/Users/rodrigo/curso-obj-c/Banco/build/Debug/Test.octest(Tests)' finished at 2010-11-11 11:23:39 -0300.Executed 5 tests, with 0 failures (0 unexpected) in 0.000 (0.003) seconds0(0#0#23"5 out of 5 tests passed13"0.003 seconds73"Executed 5 tests, with 0 failures (0 unexpected) in 0.000 (0.003) seconds63"/Users/rodrigo/curso-obj-c/Banco/build/Debug/Test.octest(Tests)1415"/Developer/Tools/RunPlatformUnitTests.include:419: note: Running tests for architecture 'x86_64' (GC OFF)objc[15445]: GC: forcing GC OFF because OBJC_DISABLE_GC is setTest Suite '/Users/rodrigo/curso-obj-c/Banco/build/Debug/Test.octest(Tests)' started at 2010-11-11 11:23:39 -0300Test Suite 'ContaTest' started at 2010-11-11 11:23:39 -0300Test Case '-[ContaTest testDepositarComFalha]' started.Test Case '-[ContaTest testDepositarComFalha]' passed (0.000 seconds).Test Case '-[ContaTest testDepositarComSucesso]' started.Test Case '-[ContaTest testDepositarComSucesso]' passed (0.000 seconds).Test Case '-[ContaTest testSacarComFalha]' started.Test Case '-[ContaTest testSacarComFalha]' passed (0.000 seconds).Test Case '-[ContaTest testSacarComSucesso]' started.Test Case '-[ContaTest testSacarComSucesso]' passed (0.000 seconds).Test Case '-[ContaTest testTransferenciaComSucesso]' started.Test Case '-[ContaTest testTransferenciaComSucesso]' passed (0.000 seconds).Test Suite 'ContaTest' finished at 2010-11-11 11:23:39 -0300.Executed 5 tests, with 0 failures (0 unexpected) in 0.000 (0.001) secondsTest Suite '/Users/rodrigo/curso-obj-c/Banco/build/Debug/Test.octest(Tests)' finished at 2010-11-11 11:23:39 -0300.Executed 5 tests, with 0 failures (0 unexpected) in 0.000 (0.003) seconds/Developer/Tools/RunPlatformUnitTests.include:446: note: Passed tests for architecture 'x86_64' (GC OFF)0(0#0#0"0"104"/Developer/Tools/RunPlatformUnitTests.include:446: note: Passed tests for architecture 'x86_64' (GC OFF)0"1613"/Developer/Tools/RunPlatformUnitTests.include:412: note: Started tests for architectures 'x86_64'/Developer/Tools/RunPlatformUnitTests.include:419: note: Running tests for architecture 'x86_64' (GC OFF)objc[15445]: GC: forcing GC OFF because OBJC_DISABLE_GC is setTest Suite '/Users/rodrigo/curso-obj-c/Banco/build/Debug/Test.octest(Tests)' started at 2010-11-11 11:23:39 -0300Test Suite 'ContaTest' started at 2010-11-11 11:23:39 -0300Test Case '-[ContaTest testDepositarComFalha]' started.Test Case '-[ContaTest testDepositarComFalha]' passed (0.000 seconds).Test Case '-[ContaTest testDepositarComSucesso]' started.Test Case '-[ContaTest testDepositarComSucesso]' passed (0.000 seconds).Test Case '-[ContaTest testSacarComFalha]' started.Test Case '-[ContaTest testSacarComFalha]' passed (0.000 seconds).Test Case '-[ContaTest testSacarComSucesso]' started.Test Case '-[ContaTest testSacarComSucesso]' passed (0.000 seconds).Test Case '-[ContaTest testTransferenciaComSucesso]' started.Test Case '-[ContaTest testTransferenciaComSucesso]' passed (0.000 seconds).Test Suite 'ContaTest' finished at 2010-11-11 11:23:39 -0300.Executed 5 tests, with 0 failures (0 unexpected) in 0.000 (0.001) secondsTest Suite '/Users/rodrigo/curso-obj-c/Banco/build/Debug/Test.octest(Tests)' finished at 2010-11-11 11:23:39 -0300.Executed 5 tests, with 0 failures (0 unexpected) in 0.000 (0.003) seconds/Developer/Tools/RunPlatformUnitTests.include:446: note: Passed tests for architecture 'x86_64' (GC OFF)/Developer/Tools/RunPlatformUnitTests.include:462: note: Completed tests for architectures 'x86_64'0(0#0#0"8618624288#15642"    cd /Users/rodrigo/curso-obj-c/Banco    setenv ACTION build    setenv ALTERNATE_GROUP staff    setenv ALTERNATE_MODE u+w,go-w,a+rX    setenv ALTERNATE_OWNER rodrigo    setenv ALWAYS_SEARCH_USER_PATHS NO    setenv APPLE_INTERNAL_DEVELOPER_DIR /AppleInternal/Developer    setenv APPLE_INTERNAL_DIR /AppleInternal    setenv APPLE_INTERNAL_DOCUMENTATION_DIR /AppleInternal/Documentation    setenv APPLE_INTERNAL_LIBRARY_DIR /AppleInternal/Library    setenv APPLE_INTERNAL_TOOLS /AppleInternal/Developer/Tools    setenv APPLY_RULES_IN_COPY_FILES NO    setenv ARCHS x86_64    setenv ARCHS_STANDARD_32_64_BIT "x86_64 i386 ppc"    setenv ARCHS_STANDARD_32_BIT "i386 ppc"    setenv ARCHS_STANDARD_64_BIT x86_64    setenv BUILD_COMPONENTS "headers build"    setenv BUILD_DIR /Users/rodrigo/curso-obj-c/Banco/build    setenv BUILD_ROOT /Users/rodrigo/curso-obj-c/Banco/build    setenv BUILD_STYLE Debug    setenv BUILD_VARIANTS normal    setenv BUILT_PRODUCTS_DIR /Users/rodrigo/curso-obj-c/Banco/build/Debug    setenv CACHE_ROOT /var/folders/KR/KRNnJQv7ECebf8OdWDLZsE+++TI/-Caches-/com.apple.Xcode.501    setenv CCHROOT /var/folders/KR/KRNnJQv7ECebf8OdWDLZsE+++TI/-Caches-/com.apple.Xcode.501    setenv CHMOD /bin/chmod    setenv CHOWN /usr/sbin/chown    setenv CLASS_FILE_DIR /Users/rodrigo/curso-obj-c/Banco/build/Banco.build/Debug/Test.build/JavaClasses    setenv CLEAN_PRECOMPS YES    setenv CLONE_HEADERS NO    setenv CODESIGNING_FOLDER_PATH /Users/rodrigo/curso-obj-c/Banco/build/Debug/Test.octest    setenv CODE_SIGNING_ALLOWED YES    setenv COMMAND_MODE legacy    setenv COMPOSITE_SDK_DIRS /var/folders/KR/KRNnJQv7ECebf8OdWDLZsE+++TI/-Caches-/com.apple.Xcode.501/CompositeSDKs    setenv CONFIGURATION Debug    setenv CONFIGURATION_BUILD_DIR /Users/rodrigo/curso-obj-c/Banco/build/Debug    setenv CONFIGURATION_TEMP_DIR /Users/rodrigo/curso-obj-c/Banco/build/Banco.build/Debug    setenv CONTENTS_FOLDER_PATH Test.octest/Contents    setenv COPYING_PRESERVES_HFS_DATA NO    setenv COPY_PHASE_STRIP NO    setenv COPY_RESOURCES_FROM_STATIC_FRAMEWORKS YES    setenv CP /bin/cp    setenv CURRENT_ARCH x86_64    setenv CURRENT_VARIANT normal    setenv DEAD_CODE_STRIPPING NO    setenv DEBUGGING_SYMBOLS YES    setenv DEBUG_INFORMATION_FORMAT dwarf    setenv DEPLOYMENT_LOCATION NO    setenv DEPLOYMENT_POSTPROCESSING NO    setenv DERIVED_FILES_DIR /Users/rodrigo/curso-obj-c/Banco/build/Banco.build/Debug/Test.build/DerivedSources    setenv DERIVED_FILE_DIR /Users/rodrigo/curso-obj-c/Banco/build/Banco.build/Debug/Test.build/DerivedSources    setenv DERIVED_SOURCES_DIR /Users/rodrigo/curso-obj-c/Banco/build/Banco.build/Debug/Test.build/DerivedSources    setenv DEVELOPER_APPLICATIONS_DIR /Developer/Applications    setenv DEVELOPER_BIN_DIR /Developer/usr/bin    setenv DEVELOPER_DIR /Developer    setenv DEVELOPER_FRAMEWORKS_DIR /Developer/Library/Frameworks    setenv DEVELOPER_FRAMEWORKS_DIR_QUOTED "\"/Developer/Library/Frameworks\""    setenv DEVELOPER_LIBRARY_DIR /Developer/Library    setenv DEVELOPER_SDK_DIR /Developer/SDKs    setenv DEVELOPER_TOOLS_DIR /Developer/Tools    setenv DEVELOPER_USR_DIR /Developer/usr    setenv DEVELOPMENT_LANGUAGE English    setenv DOCUMENTATION_FOLDER_PATH Test.octest/Contents/Resources/English.lproj/Documentation    setenv DO_HEADER_SCANNING_IN_JAM NO    setenv DSTROOT /tmp/Banco.dst    setenv DWARF_DSYM_FILE_NAME Test.octest.dSYM    setenv DWARF_DSYM_FOLDER_PATH /Users/rodrigo/curso-obj-c/Banco/build/Debug    setenv ENABLE_HEADER_DEPENDENCIES YES    setenv ENABLE_OPENMP_SUPPORT NO    setenv EXCLUDED_INSTALLSRC_SUBDIRECTORY_PATTERNS ".svn CVS"    setenv EXCLUDED_RECURSIVE_SEARCH_PATH_SUBDIRECTORIES "*.nib *.lproj *.framework *.gch (*) CVS .svn *.xcodeproj *.xcode *.pbproj *.pbxproj"    setenv EXECUTABLES_FOLDER_PATH Test.octest/Contents/Executables    setenv EXECUTABLE_FOLDER_PATH Test.octest/Contents/MacOS    setenv EXECUTABLE_NAME Test    setenv EXECUTABLE_PATH Test.octest/Contents/MacOS/Test    setenv FILE_LIST /Users/rodrigo/curso-obj-c/Banco/build/Banco.build/Debug/Test.build/Objects/LinkFileList    setenv FIXED_FILES_DIR /Users/rodrigo/curso-obj-c/Banco/build/Banco.build/Debug/Test.build/FixedFiles    setenv FRAMEWORKS_FOLDER_PATH Test.octest/Contents/Frameworks    setenv FRAMEWORK_FLAG_PREFIX -framework    setenv FRAMEWORK_SEARCH_PATHS "\"/Users/rodrigo/curso-obj-c/Banco/build/Debug\" /Developer/Library/Frameworks"    setenv FRAMEWORK_VERSION A    setenv FULL_PRODUCT_NAME Test.octest    setenv GCC3_VERSION 3.3    setenv GCC_C_LANGUAGE_STANDARD gnu99    setenv GCC_DYNAMIC_NO_PIC NO    setenv GCC_ENABLE_FIX_AND_CONTINUE NO    setenv GCC_ENABLE_OBJC_EXCEPTIONS YES    setenv GCC_INLINES_ARE_PRIVATE_EXTERN YES    setenv GCC_MODEL_TUNING G5    setenv GCC_OPTIMIZATION_LEVEL 0    setenv GCC_PFE_FILE_C_DIALECTS "c objective-c c++ objective-c++"    setenv GCC_PRECOMPILE_PREFIX_HEADER YES    setenv GCC_PREFIX_HEADER /Developer/SDKs/MacOSX10.6.sdk/System/Library/Frameworks/Cocoa.framework/Headers/Cocoa.h    setenv GCC_TREAT_WARNINGS_AS_ERRORS NO    setenv GCC_VERSION 4.2    setenv GCC_WARN_ABOUT_RETURN_TYPE YES    setenv GCC_WARN_UNUSED_VARIABLE YES    setenv GENERATE_MASTER_OBJECT_FILE NO    setenv GENERATE_PKGINFO_FILE NO    setenv GENERATE_PROFILING_CODE NO    setenv GID 20    setenv GROUP staff    setenv HEADERMAP_INCLUDES_FLAT_ENTRIES_FOR_TARGET_BEING_BUILT YES    setenv HEADERMAP_INCLUDES_FRAMEWORK_ENTRIES_FOR_ALL_PRODUCT_TYPES YES    setenv HEADERMAP_INCLUDES_NONPUBLIC_NONPRIVATE_HEADERS YES    setenv HEADERMAP_INCLUDES_PROJECT_HEADERS YES    setenv HEADER_SEARCH_PATHS "\"/Users/rodrigo/curso-obj-c/Banco/build/Debug/include\" "    setenv ICONV /usr/bin/iconv    setenv INFOPLIST_EXPAND_BUILD_SETTINGS YES    setenv INFOPLIST_FILE Test-Info.plist    setenv INFOPLIST_OUTPUT_FORMAT same-as-input    setenv INFOPLIST_PATH Test.octest/Contents/Info.plist    setenv INFOPLIST_PREPROCESS NO    setenv INFOSTRINGS_PATH Test.octest/Contents/Resources/English.lproj/InfoPlist.strings    setenv INSTALL_DIR /tmp/Banco.dst/Users/rodrigo/Library/Bundles    setenv INSTALL_GROUP staff    setenv INSTALL_MODE_FLAG u+w,go-w,a+rX    setenv INSTALL_OWNER rodrigo    setenv INSTALL_PATH /Users/rodrigo/Library/Bundles    setenv INSTALL_ROOT /tmp/Banco.dst    setenv JAVAC_DEFAULT_FLAGS "-J-Xms64m -J-XX:NewSize=4M -J-Dfile.encoding=UTF8"    setenv JAVA_APP_STUB /System/Library/Frameworks/JavaVM.framework/Resources/MacOS/JavaApplicationStub    setenv JAVA_ARCHIVE_CLASSES YES    setenv JAVA_ARCHIVE_TYPE JAR    setenv JAVA_COMPILER /usr/bin/javac    setenv JAVA_FOLDER_PATH Test.octest/Contents/Resources/Java    setenv JAVA_FRAMEWORK_RESOURCES_DIRS Resources    setenv JAVA_JAR_FLAGS cv    setenv JAVA_SOURCE_SUBDIR .    setenv JAVA_USE_DEPENDENCIES YES    setenv JAVA_ZIP_FLAGS -urg    setenv JIKES_DEFAULT_FLAGS "+E +OLDCSO"    setenv KEEP_PRIVATE_EXTERNS NO    setenv LD_GENERATE_MAP_FILE NO    setenv LD_MAP_FILE_PATH /Users/rodrigo/curso-obj-c/Banco/build/Banco.build/Debug/Test.build/Test-LinkMap-normal-x86_64.txt    setenv LD_OPENMP_FLAGS -fopenmp    setenv LEX /Developer/usr/bin/lex    setenv LIBRARY_FLAG_NOSPACE YES    setenv LIBRARY_FLAG_PREFIX -l    setenv LIBRARY_SEARCH_PATHS "\"/Users/rodrigo/curso-obj-c/Banco/build/Debug\" "    setenv LINKER_DISPLAYS_MANGLED_NAMES NO    setenv LINK_FILE_LIST_normal_x86_64 /Users/rodrigo/curso-obj-c/Banco/build/Banco.build/Debug/Test.build/Objects-normal/x86_64/Test.LinkFileList    setenv LINK_WITH_STANDARD_LIBRARIES YES    setenv LOCALIZED_RESOURCES_FOLDER_PATH Test.octest/Contents/Resources/English.lproj    setenv LOCAL_ADMIN_APPS_DIR /Applications/Utilities    setenv LOCAL_APPS_DIR /Applications    setenv LOCAL_DEVELOPER_DIR /Library/Developer    setenv LOCAL_LIBRARY_DIR /Library    setenv MACH_O_TYPE mh_bundle    setenv MACOSX_DEPLOYMENT_TARGET 10.6    setenv MAC_OS_X_VERSION_ACTUAL 1064    setenv MAC_OS_X_VERSION_MAJOR 1060    setenv MAC_OS_X_VERSION_MINOR 0604    setenv NATIVE_ARCH i386    setenv NATIVE_ARCH_32_BIT i386    setenv NATIVE_ARCH_64_BIT x86_64    setenv NATIVE_ARCH_ACTUAL x86_64    setenv NO_COMMON YES    setenv OBJECT_FILE_DIR /Users/rodrigo/curso-obj-c/Banco/build/Banco.build/Debug/Test.build/Objects    setenv OBJECT_FILE_DIR_normal /Users/rodrigo/curso-obj-c/Banco/build/Banco.build/Debug/Test.build/Objects-normal    setenv OBJROOT /Users/rodrigo/curso-obj-c/Banco/build    setenv ONLY_ACTIVE_ARCH YES    setenv OPTIMIZATION_LEVEL 0    setenv OS MACOS    setenv OSAC /usr/bin/osacompile    setenv OTHER_LDFLAGS "-framework Cocoa -framework SenTestingKit"    setenv PACKAGE_TYPE com.apple.package-type.wrapper    setenv PASCAL_STRINGS YES    setenv PATH_PREFIXES_EXCLUDED_FROM_HEADER_DEPENDENCIES "/usr/include /usr/local/include /System/Library/Frameworks /System/Library/PrivateFrameworks /Developer/Headers /Developer/SDKs /Developer/Platforms"    setenv PBDEVELOPMENTPLIST_PATH Test.octest/Contents/pbdevelopment.plist    setenv PFE_FILE_C_DIALECTS objective-c    setenv PKGINFO_FILE_PATH /Users/rodrigo/curso-obj-c/Banco/build/Banco.build/Debug/Test.build/PkgInfo    setenv PKGINFO_PATH Test.octest/Contents/PkgInfo    setenv PLATFORM_DEVELOPER_APPLICATIONS_DIR /Developer/Applications    setenv PLATFORM_DEVELOPER_BIN_DIR /Developer/usr/bin    setenv PLATFORM_DEVELOPER_LIBRARY_DIR /Developer/Library    setenv PLATFORM_DEVELOPER_SDK_DIR /Developer/SDKs    setenv PLATFORM_DEVELOPER_TOOLS_DIR /Developer/Tools    setenv PLATFORM_DEVELOPER_USR_DIR /Developer/usr    setenv PLATFORM_NAME macosx    setenv PLIST_FILE_OUTPUT_FORMAT same-as-input    setenv PLUGINS_FOLDER_PATH Test.octest/Contents/PlugIns    setenv PREBINDING NO    setenv PRECOMPS_INCLUDE_HEADERS_FROM_BUILT_PRODUCTS_DIR YES    setenv PRECOMP_DESTINATION_DIR /Users/rodrigo/curso-obj-c/Banco/build/Banco.build/Debug/Test.build/PrefixHeaders    setenv PRESERVE_DEAD_CODE_INITS_AND_TERMS NO    setenv PRIVATE_HEADERS_FOLDER_PATH Test.octest/Contents/PrivateHeaders    setenv PRODUCT_NAME Test    setenv PRODUCT_SETTINGS_PATH /Users/rodrigo/curso-obj-c/Banco/Test-Info.plist    setenv PRODUCT_TYPE com.apple.product-type.bundle    setenv PROFILING_CODE NO    setenv PROJECT Banco    setenv PROJECT_DERIVED_FILE_DIR /Users/rodrigo/curso-obj-c/Banco/build/Banco.build/DerivedSources    setenv PROJECT_DIR /Users/rodrigo/curso-obj-c/Banco    setenv PROJECT_FILE_PATH /Users/rodrigo/curso-obj-c/Banco/Banco.xcodeproj    setenv PROJECT_NAME Banco    setenv PROJECT_TEMP_DIR /Users/rodrigo/curso-obj-c/Banco/build/Banco.build    setenv PUBLIC_HEADERS_FOLDER_PATH Test.octest/Contents/Headers    setenv RECURSIVE_SEARCH_PATHS_FOLLOW_SYMLINKS YES    setenv REMOVE_CVS_FROM_RESOURCES YES    setenv REMOVE_SVN_FROM_RESOURCES YES    setenv REZ_COLLECTOR_DIR /Users/rodrigo/curso-obj-c/Banco/build/Banco.build/Debug/Test.build/ResourceManagerResources    setenv REZ_OBJECTS_DIR /Users/rodrigo/curso-obj-c/Banco/build/Banco.build/Debug/Test.build/ResourceManagerResources/Objects    setenv REZ_SEARCH_PATHS "\"/Users/rodrigo/curso-obj-c/Banco/build/Debug\" "    setenv RUN_CLANG_STATIC_ANALYZER NO    setenv SCAN_ALL_SOURCE_FILES_FOR_INCLUDES NO    setenv SCRIPTS_FOLDER_PATH Test.octest/Contents/Resources/Scripts    setenv SCRIPT_INPUT_FILE_COUNT 0    setenv SCRIPT_OUTPUT_FILE_COUNT 0    setenv SDKROOT /Developer/SDKs/MacOSX10.6.sdk    setenv SDK_DIR /Developer/SDKs/MacOSX10.6.sdk    setenv SDK_NAME macosx10.6    setenv SED /usr/bin/sed    setenv SEPARATE_STRIP NO    setenv SEPARATE_SYMBOL_EDIT NO    setenv SET_DIR_MODE_OWNER_GROUP YES    setenv SET_FILE_MODE_OWNER_GROUP NO    setenv SHARED_DERIVED_FILE_DIR /Users/rodrigo/curso-obj-c/Banco/build/Debug/DerivedSources    setenv SHARED_FRAMEWORKS_FOLDER_PATH Test.octest/Contents/SharedFrameworks    setenv SHARED_PRECOMPS_DIR /var/folders/KR/KRNnJQv7ECebf8OdWDLZsE+++TI/-Caches-/com.apple.Xcode.501/SharedPrecompiledHeaders    setenv SHARED_SUPPORT_FOLDER_PATH Test.octest/Contents/SharedSupport    setenv SKIP_INSTALL NO    setenv SOURCE_ROOT /Users/rodrigo/curso-obj-c/Banco    setenv SRCROOT /Users/rodrigo/curso-obj-c/Banco    setenv STANDARD_C_PLUS_PLUS_LIBRARY_TYPE dynamic    setenv STRINGS_FILE_OUTPUT_ENCODING UTF-16    setenv STRIP_INSTALLED_PRODUCT YES    setenv STRIP_STYLE non-global    setenv SYMBOL_REPOSITORY_DIR /Users/rodrigo/curso-obj-c/Banco/build/Banco.build/Debug/Test.build/SymbolRepositories    setenv SYMROOT /Users/rodrigo/curso-obj-c/Banco/build    setenv SYSTEM_ADMIN_APPS_DIR /Applications/Utilities    setenv SYSTEM_APPS_DIR /Applications    setenv SYSTEM_CORE_SERVICES_DIR /System/Library/CoreServices    setenv SYSTEM_DEMOS_DIR /Applications/Extras    setenv SYSTEM_DEVELOPER_APPS_DIR /Developer/Applications    setenv SYSTEM_DEVELOPER_BIN_DIR /Developer/usr/bin    setenv SYSTEM_DEVELOPER_DEMOS_DIR "/Developer/Applications/Utilities/Built Examples"    setenv SYSTEM_DEVELOPER_DIR /Developer    setenv SYSTEM_DEVELOPER_DOC_DIR "/Developer/ADC Reference Library"    setenv SYSTEM_DEVELOPER_GRAPHICS_TOOLS_DIR "/Developer/Applications/Graphics Tools"    setenv SYSTEM_DEVELOPER_JAVA_TOOLS_DIR "/Developer/Applications/Java Tools"    setenv SYSTEM_DEVELOPER_PERFORMANCE_TOOLS_DIR "/Developer/Applications/Performance Tools"    setenv SYSTEM_DEVELOPER_RELEASENOTES_DIR "/Developer/ADC Reference Library/releasenotes"    setenv SYSTEM_DEVELOPER_TOOLS /Developer/Tools    setenv SYSTEM_DEVELOPER_TOOLS_DOC_DIR "/Developer/ADC Reference Library/documentation/DeveloperTools"    setenv SYSTEM_DEVELOPER_TOOLS_RELEASENOTES_DIR "/Developer/ADC Reference Library/releasenotes/DeveloperTools"    setenv SYSTEM_DEVELOPER_USR_DIR /Developer/usr    setenv SYSTEM_DEVELOPER_UTILITIES_DIR /Developer/Applications/Utilities    setenv SYSTEM_DOCUMENTATION_DIR /Library/Documentation    setenv SYSTEM_LIBRARY_DIR /System/Library    setenv TARGETNAME Test    setenv TARGET_BUILD_DIR /Users/rodrigo/curso-obj-c/Banco/build/Debug    setenv TARGET_NAME Test    setenv TARGET_TEMP_DIR /Users/rodrigo/curso-obj-c/Banco/build/Banco.build/Debug/Test.build    setenv TEMP_DIR /Users/rodrigo/curso-obj-c/Banco/build/Banco.build/Debug/Test.build    setenv TEMP_FILES_DIR /Users/rodrigo/curso-obj-c/Banco/build/Banco.build/Debug/Test.build    setenv TEMP_FILE_DIR /Users/rodrigo/curso-obj-c/Banco/build/Banco.build/Debug/Test.build    setenv TEMP_ROOT /Users/rodrigo/curso-obj-c/Banco/build    setenv UID 501    setenv UNLOCALIZED_RESOURCES_FOLDER_PATH Test.octest/Contents/Resources    setenv UNSTRIPPED_PRODUCT NO    setenv USER rodrigo    setenv USER_APPS_DIR /Users/rodrigo/Applications    setenv USER_LIBRARY_DIR /Users/rodrigo/Library    setenv USE_DYNAMIC_NO_PIC YES    setenv USE_HEADERMAP YES    setenv USE_HEADER_SYMLINKS NO    setenv VALIDATE_PRODUCT NO    setenv VALID_ARCHS "i386 ppc ppc64 ppc7400 ppc970 x86_64"    setenv VERBOSE_PBXCP NO    setenv VERSIONPLIST_PATH Test.octest/Contents/version.plist    setenv VERSION_INFO_BUILDER rodrigo    setenv VERSION_INFO_FILE Test_vers.c    setenv VERSION_INFO_STRING "\"@(#)PROGRAM:Test  PROJECT:Banco-\""    setenv WRAPPER_EXTENSION octest    setenv WRAPPER_NAME Test.octest    setenv WRAPPER_SUFFIX .octest    setenv XCODE_APP_SUPPORT_DIR /Developer/Library/Xcode    setenv XCODE_VERSION_ACTUAL 0324    setenv XCODE_VERSION_MAJOR 0300    setenv XCODE_VERSION_MINOR 0320    setenv YACC /Developer/usr/bin/yacc    /bin/sh -c /Users/rodrigo/curso-obj-c/Banco/build/Banco.build/Debug/Test.build/Script-5BA5D11C128C1F69002D2CDE.sh0#

CProcessInfoPlistFile /Users/rodrigo/curso-obj-c/Banco/build/Debug/Test.octest/Contents/Info.plist Test-Info.plist
s311172881.582418
e311172881.585515
r1
xProcessInfoPlistFile
x/Users/rodrigo/curso-obj-c/Banco/build/Debug/Test.octest/Contents/Info.plist
xTest-Info.plist
lSLF07#2@23"Process Test-Info.plist311172881#311172881#0(0"0(0#0#48"/Users/rodrigo/curso-obj-c/Banco/Test-Info.plist8613972192#203"    cd /Users/rodrigo/curso-obj-c/Banco    builtin-infoPlistUtility Test-Info.plist -expandbuildsettings -platform macosx -o /Users/rodrigo/curso-obj-c/Banco/build/Debug/Test.octest/Contents/Info.plist0#

CProcessPCH /var/folders/KR/KRNnJQv7ECebf8OdWDLZsE+++TI/-Caches-/com.apple.Xcode.501/SharedPrecompiledHeaders/Cocoa-eorrsdhcwhghbvahnwvosxpeibmi/Cocoa.h.gch /Developer/SDKs/MacOSX10.6.sdk/System/Library/Frameworks/Cocoa.framework/Headers/Cocoa.h normal x86_64 objective-c com.apple.compilers.gcc.4_2
s311173013.050268
e311173016.687732
r1
xProcessPCH
x/var/folders/KR/KRNnJQv7ECebf8OdWDLZsE+++TI/-Caches-/com.apple.Xcode.501/SharedPrecompiledHeaders/Cocoa-eorrsdhcwhghbvahnwvosxpeibmi/Cocoa.h.gch
x/Developer/SDKs/MacOSX10.6.sdk/System/Library/Frameworks/Cocoa.framework/Headers/Cocoa.h
xnormal
xx86_64
xobjective-c
xcom.apple.compilers.gcc.4_2
lSLF07#2@99"Precompile /Developer/SDKs/MacOSX10.6.sdk/System/Library/Frameworks/Cocoa.framework/Headers/Cocoa.h311173013#311173016#0(0"0(0#0#88"/Developer/SDKs/MacOSX10.6.sdk/System/Library/Frameworks/Cocoa.framework/Headers/Cocoa.h8618196704#1284"    cd /Users/rodrigo/curso-obj-c/Banco    setenv LANG en_US.US-ASCII    /Developer/usr/bin/gcc-4.2 -x objective-c-header -arch x86_64 -fmessage-length=0 -pipe -std=gnu99 -Wno-trigraphs -fpascal-strings -fasm-blocks -O0 -Wreturn-type -Wunused-variable -isysroot /Developer/SDKs/MacOSX10.6.sdk -mmacosx-version-min=10.6 -gdwarf-2 -iquote /Users/rodrigo/curso-obj-c/Banco/build/Banco.build/Debug/Test.build/Test-generated-files.hmap -I/Users/rodrigo/curso-obj-c/Banco/build/Banco.build/Debug/Test.build/Test-own-target-headers.hmap -I/Users/rodrigo/curso-obj-c/Banco/build/Banco.build/Debug/Test.build/Test-all-target-headers.hmap -iquote /Users/rodrigo/curso-obj-c/Banco/build/Banco.build/Debug/Test.build/Test-project-headers.hmap -F/Users/rodrigo/curso-obj-c/Banco/build/Debug -F/Developer/Library/Frameworks -I/Users/rodrigo/curso-obj-c/Banco/build/Debug/include -I/Users/rodrigo/curso-obj-c/Banco/build/Banco.build/Debug/Test.build/DerivedSources/x86_64 -I/Users/rodrigo/curso-obj-c/Banco/build/Banco.build/Debug/Test.build/DerivedSources -c /Developer/SDKs/MacOSX10.6.sdk/System/Library/Frameworks/Cocoa.framework/Headers/Cocoa.h -o /var/folders/KR/KRNnJQv7ECebf8OdWDLZsE+++TI/-Caches-/com.apple.Xcode.501/SharedPrecompiledHeaders/Cocoa-eorrsdhcwhghbvahnwvosxpeibmi/Cocoa.h.gch0#

CTouch /Users/rodrigo/curso-obj-c/Banco/build/Debug/Test.octest
s311178219.019489
e311178219.022196
r1
xTouch
x/Users/rodrigo/curso-obj-c/Banco/build/Debug/Test.octest
lSLF07#2@62"Touch /Users/rodrigo/curso-obj-c/Banco/build/Debug/Test.octest311178219#311178219#0(0"0(0#0#0"8622002752#119"    cd /Users/rodrigo/curso-obj-c/Banco    /usr/bin/touch -c /Users/rodrigo/curso-obj-c/Banco/build/Debug/Test.octest0#

